<?xml version="1.0" encoding="UTF-8"?>
<Site BuildName="(empty)"
	BuildStamp="20240505-1654-Experimental"
	Name="(empty)"
	Generator="ctest-3.27.4"
	CompilerName=""
	CompilerVersion=""
	OSName="Linux"
	Hostname="ThinkPad-P14sOSA"
	OSRelease="6.5.0-28-generic"
	OSVersion="#29-Ubuntu SMP PREEMPT_DYNAMIC Thu Mar 28 23:46:48 UTC 2024"
	OSPlatform="x86_64"
	Is64Bits="1"
	VendorString="AuthenticAMD"
	VendorID="Advanced Micro Devices"
	FamilyID="25"
	ModelID="116"
	ProcessorCacheSize="1024"
	NumberOfLogicalCPU="16"
	NumberOfPhysicalCPU="8"
	TotalVirtualMemory="8191"
	TotalPhysicalMemory="27694"
	LogicalProcessorsPerPhysical="2"
	ProcessorClockFrequency="4901.57"
	>
	<Testing>
		<StartDateTime>May 06 01:09 CEST</StartDateTime>
		<StartTestTime>1714950588</StartTestTime>
		<TestList/>
		<EndDateTime>May 06 01:09 CEST</EndDateTime>
		<EndTestTime>1714950588</EndTestTime>
		<ElapsedMinutes>0</ElapsedMinutes>
	</Testing>
</Site>
