<?xml version="1.0" encoding="UTF-8"?>
<Site BuildName="(empty)"
	BuildStamp="20240525-1048-Experimental"
	Name="(empty)"
	Generator="ctest-3.27.4"
	CompilerName=""
	CompilerVersion=""
	OSName="Linux"
	Hostname="ThinkPad-P14sOSA"
	OSRelease="6.5.0-35-generic"
	OSVersion="#35-Ubuntu SMP PREEMPT_DYNAMIC Fri Apr 26 11:23:57 UTC 2024"
	OSPlatform="x86_64"
	Is64Bits="1"
	VendorString="AuthenticAMD"
	VendorID="Advanced Micro Devices"
	FamilyID="25"
	ModelID="116"
	ProcessorCacheSize="1024"
	NumberOfLogicalCPU="16"
	NumberOfPhysicalCPU="8"
	TotalVirtualMemory="8191"
	TotalPhysicalMemory="27694"
	LogicalProcessorsPerPhysical="2"
	ProcessorClockFrequency="4252.48"
	>
	<Testing>
		<StartDateTime>May 25 15:05 CEST</StartDateTime>
		<StartTestTime>1716642310</StartTestTime>
		<TestList/>
		<EndDateTime>May 25 15:05 CEST</EndDateTime>
		<EndTestTime>1716642310</EndTestTime>
		<ElapsedMinutes>0</ElapsedMinutes>
	</Testing>
</Site>
