<?xml version="1.0" encoding="UTF-8"?>
<Site BuildName="(empty)"
	BuildStamp="20240527-1305-Experimental"
	Name="(empty)"
	Generator="ctest-3.28.3"
	CompilerName=""
	CompilerVersion=""
	OSName="Linux"
	Hostname="ThinkPad-P14sOSA"
	OSRelease="6.8.0-31-generic"
	OSVersion="#31-Ubuntu SMP PREEMPT_DYNAMIC Sat Apr 20 00:40:06 UTC 2024"
	OSPlatform="x86_64"
	Is64Bits="1"
	VendorString="AuthenticAMD"
	VendorID="Advanced Micro Devices"
	FamilyID="25"
	ModelID="116"
	ProcessorCacheSize="1024"
	NumberOfLogicalCPU="16"
	NumberOfPhysicalCPU="8"
	TotalVirtualMemory="8191"
	TotalPhysicalMemory="27702"
	LogicalProcessorsPerPhysical="2"
	ProcessorClockFrequency="2211.37"
	>
	<Testing>
		<StartDateTime>May 27 15:05 CEST</StartDateTime>
		<StartTestTime>1716815111</StartTestTime>
		<TestList/>
		<EndDateTime>May 27 15:05 CEST</EndDateTime>
		<EndTestTime>1716815111</EndTestTime>
		<ElapsedMinutes>0</ElapsedMinutes>
	</Testing>
</Site>
